# JRE version: OpenJDK Runtime Environment (8.0_202-b03) (build 1.8.0_202-release-1483-b03)
# Java VM: OpenJDK 64-Bit Server VM (25.202-b03 mixed mode windows-amd64 compressed oops)
Heap:
 PSYoungGen      total 157696K, used 19803K [0x00000000e0000000, 0x00000000ec280000, 0x0000000100000000)
  eden space 144896K, 13% used [0x00000000e0000000,0x00000000e1356ee8,0x00000000e8d80000)
  from space 12800K, 0% used [0x00000000e9b00000,0x00000000e9b00000,0x00000000ea780000)
  to   space 13824K, 0% used [0x00000000e8d80000,0x00000000e8d80000,0x00000000e9b00000)
 ParOldGen       total 119808K, used 34922K [0x00000000a0000000, 0x00000000a7500000, 0x00000000e0000000)
  object space 119808K, 29% used [0x00000000a0000000,0x00000000a221aae0,0x00000000a7500000)
 Metaspace       used 58356K, capacity 60136K, committed 60248K, reserved 1101824K
  class space    used 8012K, capacity 8560K, committed 8576K, reserved 1048576K
GC Heap History (10 events):
Event: 22.240 GC heap before
{Heap before GC invocations=15 (full 2):
 PSYoungGen      total 95232K, used 94162K [0x00000000e0000000, 0x00000000e6900000, 0x0000000100000000)
  eden space 84992K, 100% used [0x00000000e0000000,0x00000000e5300000,0x00000000e5300000)
  from space 10240K, 89% used [0x00000000e5f00000,0x00000000e67f4a98,0x00000000e6900000)
  to   space 11264K, 0% used [0x00000000e5300000,0x00000000e5300000,0x00000000e5e00000)
 ParOldGen       total 87552K, used 16387K [0x00000000a0000000, 0x00000000a5580000, 0x00000000e0000000)
  object space 87552K, 18% used [0x00000000a0000000,0x00000000a1000de8,0x00000000a5580000)
 Metaspace       used 46571K, capacity 47682K, committed 47832K, reserved 1091584K
  class space    used 6248K, capacity 6568K, committed 6656K, reserved 1048576K
Event: 22.309 GC heap after
Heap after GC invocations=15 (full 2):
 PSYoungGen      total 96256K, used 9329K [0x00000000e0000000, 0x00000000e8600000, 0x0000000100000000)
  eden space 84992K, 0% used [0x00000000e0000000,0x00000000e0000000,0x00000000e5300000)
  from space 11264K, 82% used [0x00000000e5300000,0x00000000e5c1c7d0,0x00000000e5e00000)
  to   space 11776K, 0% used [0x00000000e7a80000,0x00000000e7a80000,0x00000000e8600000)
 ParOldGen       total 87552K, used 20135K [0x00000000a0000000, 0x00000000a5580000, 0x00000000e0000000)
  object space 87552K, 22% used [0x00000000a0000000,0x00000000a13a9e10,0x00000000a5580000)
 Metaspace       used 46571K, capacity 47682K, committed 47832K, reserved 1091584K
  class space    used 6248K, capacity 6568K, committed 6656K, reserved 1048576K
}
Event: 24.652 GC heap before
{Heap before GC invocations=16 (full 2):
 PSYoungGen      total 96256K, used 94321K [0x00000000e0000000, 0x00000000e8600000, 0x0000000100000000)
  eden space 84992K, 100% used [0x00000000e0000000,0x00000000e5300000,0x00000000e5300000)
  from space 11264K, 82% used [0x00000000e5300000,0x00000000e5c1c7d0,0x00000000e5e00000)
  to   space 11776K, 0% used [0x00000000e7a80000,0x00000000e7a80000,0x00000000e8600000)
 ParOldGen       total 87552K, used 20135K [0x00000000a0000000, 0x00000000a5580000, 0x00000000e0000000)
  object space 87552K, 22% used [0x00000000a0000000,0x00000000a13a9e10,0x00000000a5580000)
 Metaspace       used 51850K, capacity 53358K, committed 53592K, reserved 1095680K
  class space    used 7021K, capacity 7446K, committed 7552K, reserved 1048576K
Event: 24.671 GC heap after
Heap after GC invocations=16 (full 2):
 PSYoungGen      total 121344K, used 8054K [0x00000000e0000000, 0x00000000e8400000, 0x0000000100000000)
  eden space 111616K, 0% used [0x00000000e0000000,0x00000000e0000000,0x00000000e6d00000)
  from space 9728K, 82% used [0x00000000e7a80000,0x00000000e825db60,0x00000000e8400000)
  to   space 11776K, 0% used [0x00000000e6d00000,0x00000000e6d00000,0x00000000e7880000)
 ParOldGen       total 87552K, used 25648K [0x00000000a0000000, 0x00000000a5580000, 0x00000000e0000000)
  object space 87552K, 29% used [0x00000000a0000000,0x00000000a190c128,0x00000000a5580000)
 Metaspace       used 51850K, capacity 53358K, committed 53592K, reserved 1095680K
  class space    used 7021K, capacity 7446K, committed 7552K, reserved 1048576K
}
Event: 29.559 GC heap before
{Heap before GC invocations=17 (full 2):
 PSYoungGen      total 121344K, used 119670K [0x00000000e0000000, 0x00000000e8400000, 0x0000000100000000)
  eden space 111616K, 100% used [0x00000000e0000000,0x00000000e6d00000,0x00000000e6d00000)
  from space 9728K, 82% used [0x00000000e7a80000,0x00000000e825db60,0x00000000e8400000)
  to   space 11776K, 0% used [0x00000000e6d00000,0x00000000e6d00000,0x00000000e7880000)
 ParOldGen       total 87552K, used 25648K [0x00000000a0000000, 0x00000000a5580000, 0x00000000e0000000)
  object space 87552K, 29% used [0x00000000a0000000,0x00000000a190c128,0x00000000a5580000)
 Metaspace       used 56953K, capacity 58710K, committed 58968K, reserved 1099776K
  class space    used 7769K, capacity 8301K, committed 8320K, reserved 1048576K
Event: 29.624 GC heap after
Heap after GC invocations=17 (full 2):
 PSYoungGen      total 123392K, used 10949K [0x00000000e0000000, 0x00000000ea780000, 0x0000000100000000)
  eden space 111616K, 0% used [0x00000000e0000000,0x00000000e0000000,0x00000000e6d00000)
  from space 11776K, 92% used [0x00000000e6d00000,0x00000000e77b1550,0x00000000e7880000)
  to   space 12800K, 0% used [0x00000000e9b00000,0x00000000e9b00000,0x00000000ea780000)
 ParOldGen       total 87552K, used 29404K [0x00000000a0000000, 0x00000000a5580000, 0x00000000e0000000)
  object space 87552K, 33% used [0x00000000a0000000,0x00000000a1cb7148,0x00000000a5580000)
 Metaspace       used 56953K, capacity 58710K, committed 58968K, reserved 1099776K
  class space    used 7769K, capacity 8301K, committed 8320K, reserved 1048576K
}
Event: 29.668 GC heap before
{Heap before GC invocations=18 (full 2):
 PSYoungGen      total 123392K, used 13143K [0x00000000e0000000, 0x00000000ea780000, 0x0000000100000000)
  eden space 111616K, 1% used [0x00000000e0000000,0x00000000e0224810,0x00000000e6d00000)
  from space 11776K, 92% used [0x00000000e6d00000,0x00000000e77b1550,0x00000000e7880000)
  to   space 12800K, 0% used [0x00000000e9b00000,0x00000000e9b00000,0x00000000ea780000)
 ParOldGen       total 87552K, used 29404K [0x00000000a0000000, 0x00000000a5580000, 0x00000000e0000000)
  object space 87552K, 33% used [0x00000000a0000000,0x00000000a1cb7148,0x00000000a5580000)
 Metaspace       used 57168K, capacity 58902K, committed 58968K, reserved 1099776K
  class space    used 7802K, capacity 8301K, committed 8320K, reserved 1048576K
Event: 29.698 GC heap after
Heap after GC invocations=18 (full 2):
 PSYoungGen      total 157696K, used 320K [0x00000000e0000000, 0x00000000ec280000, 0x0000000100000000)
  eden space 144896K, 0% used [0x00000000e0000000,0x00000000e0000000,0x00000000e8d80000)
  from space 12800K, 2% used [0x00000000e9b00000,0x00000000e9b50000,0x00000000ea780000)
  to   space 13824K, 0% used [0x00000000e8d80000,0x00000000e8d80000,0x00000000e9b00000)
 ParOldGen       total 87552K, used 37008K [0x00000000a0000000, 0x00000000a5580000, 0x00000000e0000000)
  object space 87552K, 42% used [0x00000000a0000000,0x00000000a24243b8,0x00000000a5580000)
 Metaspace       used 57168K, capacity 58902K, committed 58968K, reserved 1099776K
  class space    used 7802K, capacity 8301K, committed 8320K, reserved 1048576K
}
Event: 29.698 GC heap before
{Heap before GC invocations=19 (full 3):
 PSYoungGen      total 157696K, used 320K [0x00000000e0000000, 0x00000000ec280000, 0x0000000100000000)
  eden space 144896K, 0% used [0x00000000e0000000,0x00000000e0000000,0x00000000e8d80000)
  from space 12800K, 2% used [0x00000000e9b00000,0x00000000e9b50000,0x00000000ea780000)
  to   space 13824K, 0% used [0x00000000e8d80000,0x00000000e8d80000,0x00000000e9b00000)
 ParOldGen       total 87552K, used 37008K [0x00000000a0000000, 0x00000000a5580000, 0x00000000e0000000)
  object space 87552K, 42% used [0x00000000a0000000,0x00000000a24243b8,0x00000000a5580000)
 Metaspace       used 57168K, capacity 58902K, committed 58968K, reserved 1099776K
  class space    used 7802K, capacity 8301K, committed 8320K, reserved 1048576K
Event: 30.837 GC heap after
Heap after GC invocations=19 (full 3):
 PSYoungGen      total 157696K, used 0K [0x00000000e0000000, 0x00000000ec280000, 0x0000000100000000)
  eden space 144896K, 0% used [0x00000000e0000000,0x00000000e0000000,0x00000000e8d80000)
  from space 12800K, 0% used [0x00000000e9b00000,0x00000000e9b00000,0x00000000ea780000)
  to   space 13824K, 0% used [0x00000000e8d80000,0x00000000e8d80000,0x00000000e9b00000)
 ParOldGen       total 119808K, used 34922K [0x00000000a0000000, 0x00000000a7500000, 0x00000000e0000000)
  object space 119808K, 29% used [0x00000000a0000000,0x00000000a221aae0,0x00000000a7500000)
 Metaspace       used 57168K, capacity 58902K, committed 58968K, reserved 1099776K
  class space    used 7802K, capacity 8301K, committed 8320K, reserved 1048576K
}

